<?xml version="1.0" encoding="UTF-8"?>
<!-- Generated by org.testng.reporters.JUnitReportReporter -->
<testsuite hostname="DESKTOP-427O8MK" name="com.sdet.TC_Login" tests="1" failures="0" timestamp="28 Dec 2021 10:07:25 GMT" time="34.925" errors="0">
  <testcase name="login_Test" time="34.925" classname="com.sdet.TC_Login"/>
</testsuite> <!-- com.sdet.TC_Login -->
