<?xml version="1.0" encoding="UTF-8"?>
<!-- Generated by org.testng.reporters.JUnitReportReporter -->
<testsuite hostname="DESKTOP-427O8MK" name="com.sdet.AppTest" tests="2" failures="0" timestamp="27 Dec 2021 17:51:15 GMT" time="0.257" errors="0">
  <testcase name="testlogin2" time="0.005" classname="com.sdet.AppTest"/>
  <testcase name="testlogin1" time="0.252" classname="com.sdet.AppTest"/>
</testsuite> <!-- com.sdet.AppTest -->
