<?xml version="1.0" encoding="UTF-8"?>
<!-- Generated by org.testng.reporters.JUnitReportReporter -->
<testsuite skipped="0" hostname="DESKTOP-427O8MK" name="com.sdet.AppTest" tests="2" failures="0" timestamp="2022-01-03T16:44:01 IST" time="0.036" errors="0">
  <testcase name="testlogin1" time="0.035" classname="com.sdet.AppTest"/>
  <system-out/>
  <testcase name="testlogin2" time="0.001" classname="com.sdet.AppTest"/>
  <system-out/>
</testsuite> <!-- com.sdet.AppTest -->
