<?xml version="1.0" encoding="UTF-8"?>
<!-- Generated by org.testng.reporters.JUnitReportReporter -->
<testsuite skipped="0" hostname="DESKTOP-427O8MK" name="com.sdet.TC_Login" tests="1" failures="0" timestamp="2022-01-03T16:44:00 IST" time="63.455" errors="0">
  <testcase name="login_Test" time="63.455" classname="com.sdet.TC_Login"/>
  <system-out/>
</testsuite> <!-- com.sdet.TC_Login -->
